<?xml version="1.0" encoding="UTF-8"?>
<testsuite name="com.dynatrace.teamtooling.aiworkshop.TodoFlakyTest" tests="1" skipped="0" failures="0" errors="0" timestamp="2026-04-29T10:46:47.786Z" hostname="DT-HW2VVRPX13" time="0.17">
  <properties/>
  <testcase name="createdAtIsWithinRecentWindow()" classname="com.dynatrace.teamtooling.aiworkshop.TodoFlakyTest" time="0.004"/>
  <system-out><![CDATA[12:46:47.787 INFO  [o.s.t.c.s.AnnotationConfigContextLoaderUtils] Could not detect default configuration classes for test class [com.dynatrace.teamtooling.aiworkshop.TodoFlakyTest]: TodoFlakyTest does not declare any static, non-private, non-final, nested classes annotated with @Configuration.
12:46:47.787 INFO  [o.s.b.t.c.SpringBootTestContextBootstrapper] Found @SpringBootConfiguration com.dynatrace.teamtooling.aiworkshop.TodoApplication for test class com.dynatrace.teamtooling.aiworkshop.TodoFlakyTest

  .   ____          _            __ _ _
 /\\ / ___'_ __ _ _(_)_ __  __ _ \ \ \ \
( ( )\___ | '_ | '_| | '_ \/ _` | \ \ \ \
 \\/  ___)| |_)| | | | | || (_| |  ) ) ) )
  '  |____| .__|_| |_|_| |_\__, | / / / /
 =========|_|==============|___/=/_/_/_/

 :: Spring Boot ::                (v3.3.4)

12:46:47.796 INFO  [c.d.t.aiworkshop.TodoFlakyTest] Starting TodoFlakyTest using Java 21.0.9 with PID 7823 (started by tobias.kronsteiner in /Users/tobias.kronsteiner/Documents/Development/workshops/team-tooling-ai-workshop/backend)
12:46:47.796 DEBUG [c.d.t.aiworkshop.TodoFlakyTest] Running with Spring Boot v3.3.4, Spring v6.1.13
12:46:47.796 INFO  [c.d.t.aiworkshop.TodoFlakyTest] No active profile set, falling back to 1 default profile: "default"
12:46:47.832 INFO  [o.s.d.r.c.RepositoryConfigurationDelegate] Bootstrapping Spring Data JPA repositories in DEFAULT mode.
12:46:47.836 INFO  [o.s.d.r.c.RepositoryConfigurationDelegate] Finished Spring Data repository scanning in 4 ms. Found 2 JPA repository interfaces.
12:46:47.862 INFO  [o.h.jpa.internal.util.LogHelper] HHH000204: Processing PersistenceUnitInfo [name: default]
12:46:47.863 INFO  [o.h.c.i.RegionFactoryInitiator] HHH000026: Second-level cache disabled
12:46:47.865 INFO  [o.s.o.j.p.SpringPersistenceUnitInfo] No LoadTimeWeaver setup: ignoring JPA class transformer
12:46:47.865 INFO  [com.zaxxer.hikari.HikariDataSource] HikariPool-2 - Starting...
12:46:47.865 INFO  [com.zaxxer.hikari.pool.HikariPool] HikariPool-2 - Added connection conn10: url=jdbc:h2:mem:tododb user=SA
12:46:47.866 INFO  [com.zaxxer.hikari.HikariDataSource] HikariPool-2 - Start completed.
12:46:47.884 INFO  [o.h.e.t.j.p.i.JtaPlatformInitiator] HHH000489: No JTA platform available (set 'hibernate.transaction.jta.platform' to enable JTA platform integration)
12:46:47.888 INFO  [o.s.o.j.LocalContainerEntityManagerFactoryBean] Initialized JPA EntityManagerFactory for persistence unit 'default'
12:46:47.913 WARN  [o.s.b.a.o.j.JpaBaseConfiguration$JpaWebConfiguration] spring.jpa.open-in-view is enabled by default. Therefore, database queries may be performed during view rendering. Explicitly configure spring.jpa.open-in-view to disable this warning
12:46:47.934 INFO  [o.s.b.a.h.H2ConsoleAutoConfiguration] H2 console available at '/h2-console'. Database available at 'jdbc:h2:mem:tododb'
12:46:47.939 INFO  [c.d.t.aiworkshop.TodoFlakyTest] Started TodoFlakyTest in 0.15 seconds (process running for 2.708)
12:46:47.941 INFO  [c.d.t.aiworkshop.config.DataSeeder] Seeding database
]]></system-out>
  <system-err><![CDATA[]]></system-err>
</testsuite>
