<?xml version="1.0" encoding="UTF-8"?>
<testsuite name="com.dynatrace.teamtooling.aiworkshop.TodoControllerTest" tests="7" skipped="0" failures="0" errors="0" timestamp="2026-04-29T10:46:45.525Z" hostname="DT-HW2VVRPX13" time="2.26">
  <properties/>
  <testcase name="createTodoReturns400WhenTitleBlank()" classname="com.dynatrace.teamtooling.aiworkshop.TodoControllerTest" time="0.315"/>
  <testcase name="createAndGetTodo()" classname="com.dynatrace.teamtooling.aiworkshop.TodoControllerTest" time="0.039"/>
  <testcase name="filterByDoneReturnsOnlyMatchingTodos()" classname="com.dynatrace.teamtooling.aiworkshop.TodoControllerTest" time="0.17"/>
  <testcase name="getNonExistentTodoReturns404()" classname="com.dynatrace.teamtooling.aiworkshop.TodoControllerTest" time="0.004"/>
  <testcase name="createTodoReturns400WhenTitleMissing()" classname="com.dynatrace.teamtooling.aiworkshop.TodoControllerTest" time="0.002"/>
  <testcase name="getTodosReturns200WithArray()" classname="com.dynatrace.teamtooling.aiworkshop.TodoControllerTest" time="0.165"/>
  <testcase name="deleteTodoReturns204()" classname="com.dynatrace.teamtooling.aiworkshop.TodoControllerTest" time="0.014"/>
  <system-out><![CDATA[12:46:45.597 [Test worker] INFO org.springframework.test.context.support.AnnotationConfigContextLoaderUtils -- Could not detect default configuration classes for test class [com.dynatrace.teamtooling.aiworkshop.TodoControllerTest]: TodoControllerTest does not declare any static, non-private, non-final, nested classes annotated with @Configuration.
12:46:45.627 [Test worker] INFO org.springframework.boot.test.context.SpringBootTestContextBootstrapper -- Found @SpringBootConfiguration com.dynatrace.teamtooling.aiworkshop.TodoApplication for test class com.dynatrace.teamtooling.aiworkshop.TodoControllerTest

  .   ____          _            __ _ _
 /\\ / ___'_ __ _ _(_)_ __  __ _ \ \ \ \
( ( )\___ | '_ | '_| | '_ \/ _` | \ \ \ \
 \\/  ___)| |_)| | | | | || (_| |  ) ) ) )
  '  |____| .__|_| |_|_| |_\__, | / / / /
 =========|_|==============|___/=/_/_/_/

 :: Spring Boot ::                (v3.3.4)

12:46:45.777 INFO  [o.h.validator.internal.util.Version] HV000001: Hibernate Validator 8.0.1.Final
12:46:45.788 INFO  [c.d.t.aiworkshop.TodoControllerTest] Starting TodoControllerTest using Java 21.0.9 with PID 7823 (started by tobias.kronsteiner in /Users/tobias.kronsteiner/Documents/Development/workshops/team-tooling-ai-workshop/backend)
12:46:45.788 DEBUG [c.d.t.aiworkshop.TodoControllerTest] Running with Spring Boot v3.3.4, Spring v6.1.13
12:46:45.789 INFO  [c.d.t.aiworkshop.TodoControllerTest] No active profile set, falling back to 1 default profile: "default"
12:46:45.970 INFO  [o.s.d.r.c.RepositoryConfigurationDelegate] Bootstrapping Spring Data JPA repositories in DEFAULT mode.
12:46:45.989 INFO  [o.s.d.r.c.RepositoryConfigurationDelegate] Finished Spring Data repository scanning in 14 ms. Found 2 JPA repository interfaces.
12:46:46.118 INFO  [o.h.jpa.internal.util.LogHelper] HHH000204: Processing PersistenceUnitInfo [name: default]
12:46:46.133 INFO  [org.hibernate.Version] HHH000412: Hibernate ORM core version 6.5.3.Final
12:46:46.142 INFO  [o.h.c.i.RegionFactoryInitiator] HHH000026: Second-level cache disabled
12:46:46.224 INFO  [o.s.o.j.p.SpringPersistenceUnitInfo] No LoadTimeWeaver setup: ignoring JPA class transformer
12:46:46.233 INFO  [com.zaxxer.hikari.HikariDataSource] HikariPool-1 - Starting...
12:46:46.290 INFO  [com.zaxxer.hikari.pool.HikariPool] HikariPool-1 - Added connection conn0: url=jdbc:h2:mem:tododb user=SA
12:46:46.290 INFO  [com.zaxxer.hikari.HikariDataSource] HikariPool-1 - Start completed.
12:46:46.563 INFO  [o.h.e.t.j.p.i.JtaPlatformInitiator] HHH000489: No JTA platform available (set 'hibernate.transaction.jta.platform' to enable JTA platform integration)
12:46:46.578 INFO  [o.s.o.j.LocalContainerEntityManagerFactoryBean] Initialized JPA EntityManagerFactory for persistence unit 'default'
12:46:46.648 INFO  [o.s.d.j.r.query.QueryEnhancerFactory] Hibernate is in classpath; If applicable, HQL parser will be used.
12:46:46.874 WARN  [o.s.b.a.o.j.JpaBaseConfiguration$JpaWebConfiguration] spring.jpa.open-in-view is enabled by default. Therefore, database queries may be performed during view rendering. Explicitly configure spring.jpa.open-in-view to disable this warning
12:46:46.976 INFO  [o.s.b.a.h.H2ConsoleAutoConfiguration] H2 console available at '/h2-console'. Database available at 'jdbc:h2:mem:tododb'
12:46:46.996 INFO  [o.s.b.t.m.w.SpringBootMockServletContext] Initializing Spring TestDispatcherServlet ''
12:46:46.996 INFO  [o.s.t.w.s.TestDispatcherServlet] Initializing Servlet ''
12:46:46.997 INFO  [o.s.t.w.s.TestDispatcherServlet] Completed initialization in 1 ms
12:46:47.008 INFO  [c.d.t.aiworkshop.TodoControllerTest] Started TodoControllerTest in 1.339 seconds (process running for 1.777)
12:46:47.041 INFO  [c.d.t.aiworkshop.config.DataSeeder] Seeding database
]]></system-out>
  <system-err><![CDATA[WARNING: A Java agent has been loaded dynamically (/Users/tobias.kronsteiner/.gradle/caches/modules-2/files-2.1/net.bytebuddy/byte-buddy-agent/1.14.19/154da3a65b4f4a909d3e5bdec55d1b2b4cbb6ce1/byte-buddy-agent-1.14.19.jar)
WARNING: If a serviceability tool is in use, please run with -XX:+EnableDynamicAgentLoading to hide this warning
WARNING: If a serviceability tool is not in use, please run with -Djdk.instrument.traceUsage for more information
WARNING: Dynamic loading of agents will be disallowed by default in a future release
]]></system-err>
</testsuite>
